mode: set
github.com/mapleque/playgo/server/game.go:37.36,39.2 1 0
github.com/mapleque/playgo/server/game.go:41.44,43.2 1 1
github.com/mapleque/playgo/server/game.go:45.34,56.2 1 1
github.com/mapleque/playgo/server/game.go:58.40,60.2 1 0
github.com/mapleque/playgo/server/game.go:62.39,64.24 2 1
github.com/mapleque/playgo/server/game.go:64.24,66.3 1 1
github.com/mapleque/playgo/server/game.go:69.52,71.21 2 1
github.com/mapleque/playgo/server/game.go:74.2,74.28 1 1
github.com/mapleque/playgo/server/game.go:77.2,83.12 7 1
github.com/mapleque/playgo/server/game.go:71.21,73.3 1 1
github.com/mapleque/playgo/server/game.go:74.28,76.3 1 1
github.com/mapleque/playgo/server/game.go:86.44,88.21 2 1
github.com/mapleque/playgo/server/game.go:91.2,91.18 1 1
github.com/mapleque/playgo/server/game.go:95.2,97.12 3 1
github.com/mapleque/playgo/server/game.go:88.21,90.3 1 1
github.com/mapleque/playgo/server/game.go:91.18,94.3 2 1
github.com/mapleque/playgo/server/game.go:100.40,103.2 2 0
github.com/mapleque/playgo/server/game.go:105.44,107.21 2 1
github.com/mapleque/playgo/server/game.go:110.2,111.11 2 1
github.com/mapleque/playgo/server/game.go:114.2,114.37 1 1
github.com/mapleque/playgo/server/game.go:117.2,118.46 2 1
github.com/mapleque/playgo/server/game.go:121.2,125.42 3 1
github.com/mapleque/playgo/server/game.go:128.2,131.37 4 1
github.com/mapleque/playgo/server/game.go:136.2,136.12 1 1
github.com/mapleque/playgo/server/game.go:107.21,109.3 1 1
github.com/mapleque/playgo/server/game.go:111.11,113.3 1 1
github.com/mapleque/playgo/server/game.go:114.37,116.3 1 1
github.com/mapleque/playgo/server/game.go:118.46,120.3 1 1
github.com/mapleque/playgo/server/game.go:125.42,127.3 1 1
github.com/mapleque/playgo/server/game.go:131.37,135.3 3 1
github.com/mapleque/playgo/server/game.go:139.40,140.52 1 1
github.com/mapleque/playgo/server/game.go:143.2,143.24 1 0
github.com/mapleque/playgo/server/game.go:140.52,142.3 1 1
github.com/mapleque/playgo/server/game.go:152.49,155.34 3 1
github.com/mapleque/playgo/server/game.go:159.2,161.43 2 1
github.com/mapleque/playgo/server/game.go:165.2,167.39 3 1
github.com/mapleque/playgo/server/game.go:173.2,174.31 2 1
github.com/mapleque/playgo/server/game.go:177.2,177.13 1 1
github.com/mapleque/playgo/server/game.go:155.34,158.3 1 1
github.com/mapleque/playgo/server/game.go:161.43,163.3 1 1
github.com/mapleque/playgo/server/game.go:167.39,168.56 1 1
github.com/mapleque/playgo/server/game.go:168.56,170.4 1 0
github.com/mapleque/playgo/server/game.go:174.31,176.3 1 0
github.com/mapleque/playgo/server/game.go:183.36,184.32 1 1
github.com/mapleque/playgo/server/game.go:187.2,190.46 4 1
github.com/mapleque/playgo/server/game.go:184.32,186.3 1 0
github.com/mapleque/playgo/server/game.go:190.46,192.35 1 1
github.com/mapleque/playgo/server/game.go:192.35,195.4 2 1
github.com/mapleque/playgo/server/game.go:199.33,201.2 1 1
github.com/mapleque/playgo/server/game.go:203.33,207.2 3 0
github.com/mapleque/playgo/server/game.go:209.57,211.32 2 1
github.com/mapleque/playgo/server/game.go:214.2,214.12 1 1
github.com/mapleque/playgo/server/game.go:211.32,213.3 1 1
github.com/mapleque/playgo/server/game.go:218.55,221.24 3 1
github.com/mapleque/playgo/server/game.go:228.2,228.25 1 1
github.com/mapleque/playgo/server/game.go:247.2,247.12 1 1
github.com/mapleque/playgo/server/game.go:221.24,222.29 1 1
github.com/mapleque/playgo/server/game.go:222.29,223.20 1 1
github.com/mapleque/playgo/server/game.go:223.20,225.5 1 1
github.com/mapleque/playgo/server/game.go:228.25,229.33 1 1
github.com/mapleque/playgo/server/game.go:229.33,235.41 5 1
github.com/mapleque/playgo/server/game.go:241.4,241.14 1 1
github.com/mapleque/playgo/server/game.go:235.41,236.44 1 1
github.com/mapleque/playgo/server/game.go:236.44,238.11 2 1
github.com/mapleque/playgo/server/game.go:241.14,244.5 1 1
github.com/mapleque/playgo/server/game.go:251.67,254.30 2 1
github.com/mapleque/playgo/server/game.go:259.2,259.16 1 1
github.com/mapleque/playgo/server/game.go:254.30,255.54 1 1
github.com/mapleque/playgo/server/game.go:255.54,257.4 1 1
github.com/mapleque/playgo/server/game.go:263.64,267.25 3 1
github.com/mapleque/playgo/server/game.go:282.2,282.17 1 1
github.com/mapleque/playgo/server/game.go:267.25,269.33 2 1
github.com/mapleque/playgo/server/game.go:280.3,280.20 1 1
github.com/mapleque/playgo/server/game.go:269.33,271.28 2 1
github.com/mapleque/playgo/server/game.go:274.4,274.35 1 1
github.com/mapleque/playgo/server/game.go:271.28,273.5 1 1
github.com/mapleque/playgo/server/game.go:274.35,275.56 1 1
github.com/mapleque/playgo/server/game.go:275.56,277.6 1 1
github.com/mapleque/playgo/server/game.go:286.59,288.17 2 1
github.com/mapleque/playgo/server/game.go:294.2,294.17 1 1
github.com/mapleque/playgo/server/game.go:300.2,300.18 1 1
github.com/mapleque/playgo/server/game.go:306.2,306.18 1 1
github.com/mapleque/playgo/server/game.go:312.2,312.12 1 1
github.com/mapleque/playgo/server/game.go:288.17,290.35 2 1
github.com/mapleque/playgo/server/game.go:290.35,292.4 1 1
github.com/mapleque/playgo/server/game.go:294.17,296.35 2 1
github.com/mapleque/playgo/server/game.go:296.35,298.4 1 1
github.com/mapleque/playgo/server/game.go:300.18,302.35 2 1
github.com/mapleque/playgo/server/game.go:302.35,304.4 1 1
github.com/mapleque/playgo/server/game.go:306.18,308.35 2 1
github.com/mapleque/playgo/server/game.go:308.35,310.4 1 1
github.com/mapleque/playgo/server/game.go:316.54,317.9 1 1
github.com/mapleque/playgo/server/game.go:322.30,323.14 1 1
github.com/mapleque/playgo/server/game.go:324.10,325.15 1 1
github.com/mapleque/playgo/server/game.go:331.63,332.9 1 1
github.com/mapleque/playgo/server/game.go:342.22,343.14 1 1
github.com/mapleque/playgo/server/game.go:344.10,345.15 1 1
github.com/mapleque/playgo/server/game.go:349.45,350.27 1 1
github.com/mapleque/playgo/server/game.go:355.2,355.14 1 1
github.com/mapleque/playgo/server/game.go:350.27,351.39 1 1
github.com/mapleque/playgo/server/game.go:351.39,353.4 1 1
github.com/mapleque/playgo/server/game.go:358.50,360.27 2 1
github.com/mapleque/playgo/server/game.go:365.2,365.12 1 1
github.com/mapleque/playgo/server/game.go:360.27,361.23 1 1
github.com/mapleque/playgo/server/game.go:361.23,363.4 1 1
github.com/mapleque/playgo/server/game_center.go:13.48,18.2 1 0
github.com/mapleque/playgo/server/game_center.go:20.54,25.2 4 0
github.com/mapleque/playgo/server/game_center.go:27.40,29.36 2 0
github.com/mapleque/playgo/server/game_center.go:32.2,32.71 1 0
github.com/mapleque/playgo/server/game_center.go:29.36,31.3 1 0
github.com/mapleque/playgo/server/game_center.go:35.60,36.51 1 0
github.com/mapleque/playgo/server/game_center.go:36.51,40.3 3 0
github.com/mapleque/playgo/server/game_center.go:43.67,44.51 1 0
github.com/mapleque/playgo/server/game_center.go:44.51,47.3 2 0
github.com/mapleque/playgo/server/game_center.go:50.59,51.51 1 0
github.com/mapleque/playgo/server/game_center.go:51.51,54.3 2 0
github.com/mapleque/playgo/server/game_center.go:57.61,58.51 1 0
github.com/mapleque/playgo/server/game_center.go:58.51,61.3 2 0
github.com/mapleque/playgo/server/game_center.go:64.59,65.51 1 0
github.com/mapleque/playgo/server/game_center.go:65.51,68.3 2 0
